  0.210000000  0.000000000000
  0.214999993  7.06760019E-05
  0.219999993  9.68259548E-05
  0.224999993  0.000115019331
  0.229999993  0.000128964776
  0.234999993  0.000140160515
  0.239999993  0.000149402494
  0.244999993  0.000157177355
  0.249999993  0.000163809421
  0.254999992  0.000169527775
  0.259999992  0.000174501121
  0.264999992  0.000178857649
  0.269999992  0.00018269716
  0.274999992  0.000186098872
  0.279999992  0.000189126671
  0.284999992  0.000191832762
  0.289999992  0.000194260282
  0.294999992  0.000196445218
  0.299999991  0.000198417845
  0.304999991  0.000200203818
  0.309999991  0.00020182502
  0.314999991  0.000203300222
  0.319999991  0.000204645614
  0.324999991  0.000205875226
  0.329999991  0.000207001265
  0.334999991  0.000208034399
  0.339999991  0.000208983985
  0.34499999  0.000209858255
  0.34999999  0.000210664477
  0.35499999  0.000211409087
  0.35999999  0.000212097798
  0.36499999  0.000212735697
  0.36999999  0.000213327324
  0.37499999  0.000213876739
  0.37999999  0.000214387583
  0.38499999  0.000214863126
  0.389999989  0.000215306313
  0.394999989  0.000215719799
  0.399999989  0.000216105983
  0.404999989  0.000216467036
  0.409999989  0.000216804929
  0.414999989  0.000217121449
  0.419999989  0.000217418221
  0.424999989  0.000217696729
  0.429999989  0.000217958322
  0.434999988  0.000218204236
  0.439999988  0.000218435599
  0.444999988  0.000218653444
  0.449999988  0.00021885872
  0.454999988  0.000219052298
  0.459999988  0.000219234976
  0.464999988  0.000219407492
  0.469999988  0.000219570523
  0.474999988  0.000219724695
  0.479999987  0.000219870583
  0.484999987  0.000220008723
  0.489999987  0.000220139607
  0.494999987  0.000220263691
  0.499999987  0.0002203814
  0.504999987  0.000220493124
  0.509999987  0.000220599229
  0.514999987  0.000220700054
  0.519999987  0.000220795911
  0.524999986  0.000220887096
  0.529999986  0.000220973879
  0.534999986  0.000221056517
  0.539999986  0.000221135245
  0.544999986  0.000221210284
  0.549999986  0.000221281843
  0.554999986  0.000221350113
  0.559999986  0.000221415276
  0.564999986  0.000221477501
  0.569999985  0.000221536946
  0.574999985  0.000221593761
  0.579999985  0.000221648082
  0.584999985  0.000221700044
  0.589999985  0.000221749766
  0.594999985  0.000221797366
  0.599999985  0.000221842951
  0.604999985  0.000221886623
  0.609999985  0.000221928479
  0.614999984  0.000221968608
  0.619999984  0.000222007096
  0.624999984  0.000222044023
  0.629999984  0.000222079465
  0.634999984  0.000222113492
  0.639999984  0.000222146173
  0.644999984  0.000222177572
  0.649999984  0.000222207748
  0.654999983  0.000222236758
  0.659999983  0.000222264656
  0.664999983  0.000222291494
  0.669999983  0.000222317319
  0.674999983  0.000222342176
  0.679999983  0.00022236611
  0.684999983  0.000222389162
  0.689999983  0.000222411369
  0.694999983  0.00022243277
  0.699999982  0.000222453398
  0.704999982  0.000222473289
  0.709999982  0.000222492472
  0.714999982  0.000222510978
  0.719999982  0.000222528836
  0.724999982  0.000222546072
  0.729999982  0.000222562713
  0.734999982  0.000222578784
  0.739999982  0.000222594307
  0.744999981  0.000222609304
  0.749999981  0.000222623798
  0.754999981  0.000222637808
  0.759999981  0.000222651353
  0.764999981  0.000222664453
  0.769999981  0.000222677124
  0.774999981  0.000222689384
  0.779999981  0.000222701248
  0.784999981  0.000222712731
  0.78999998  0.000222723848
  0.79499998  0.000222734613
  0.79999998  0.00022274504
  0.80499998  0.000222755141
  0.80999998  0.000222764928
  0.81499998  0.000222774413
  0.81999998  0.000222783607
  0.82499998  0.00022279252
  0.82999998  0.000222801164
  0.834999979  0.000222809547
  0.839999979  0.000222817679
  0.844999979  0.00022282557
  0.849999979  0.000222833227
  0.854999979  0.000222840659
  0.859999979  0.000222847873
  0.864999979  0.000222854878
  0.869999979  0.000222861681
  0.874999979  0.000222868288
  0.879999978  0.000222874707
  0.884999978  0.000222880943
  0.889999978  0.000222887004
  0.894999978  0.000222892894
  0.899999978  0.00022289862
  0.904999978  0.000222904187
  0.909999978  0.0002229096
  0.914999978  0.000222914865
  0.919999978  0.000222919985
  0.924999977  0.000222924967
  0.929999977  0.000222929815
  0.934999977  0.000222934532
  0.939999977  0.000222939123
  0.944999977  0.000222943593
  0.949999977  0.000222947944
  0.954999977  0.000222952181
  0.959999977  0.000222956306
  0.964999977  0.000222960325
  0.969999976  0.00022296424
  0.974999976  0.000222968054
  0.979999976  0.00022297177
  0.984999976  0.000222975392
  0.989999976  0.000222978921
  0.994999976  0.000222982362
  0.999999976  0.000222985716
  1.00499998  0.000222988987
  1.00999998  0.000222992176
  1.01499998  0.000222995287
  1.01999998  0.000222998321
  1.02499998  0.00022300128
  1.02999998  0.000223004168
  1.03499998  0.000223006986
  1.03999997  0.000223009735
  1.04499997  0.000223012419
  1.04999997  0.000223015038
  1.05499997  0.000223017596
  1.05999997  0.000223020092
  1.06499997  0.00022302253
  1.06999997  0.000223024911
  1.07499997  0.000223027236
  1.07999997  0.000223029507
  1.08499997  0.000223031726
  1.08999997  0.000223033894
  1.09499997  0.000223036012
  1.09999997  0.000223038082
  1.10499997  0.000223040104
  1.10999997  0.000223042081
  1.11499997  0.000223044014
  1.11999997  0.000223045903
  1.12499997  0.00022304775
  1.12999997  0.000223049556
  1.13499997  0.000223051322
  1.13999997  0.000223053049
  1.14499997  0.000223054739
  1.14999997  0.000223056392
  1.15499997  0.000223058008
  1.15999997  0.00022305959
  1.16499997  0.000223061138
  1.16999997  0.000223062653
  1.17499997  0.000223064135
  1.17999997  0.000223065586
  1.18499997  0.000223067006
  1.18999997  0.000223068396
  1.19499997  0.000223069757
  1.19999997  0.00022307109
  1.20499997  0.000223072394
  1.20999997  0.000223073672
  1.21499997  0.000223074923
  1.21999997  0.000223076149
  1.22499997  0.00022307735
  1.22999997  0.000223078526
  1.23499997  0.000223079678
  1.23999997  0.000223080807
  1.24499997  0.000223081913
  1.24999997  0.000223082997
  1.25499997  0.000223084059
  1.25999997  0.0002230851
  1.26499997  0.000223086121
  1.26999997  0.000223087121
  1.27499997  0.000223088102
  1.27999997  0.000223089064
  1.28499997  0.000223090006
  1.28999997  0.000223090931
  1.29499997  0.000223091837
  1.29999997  0.000223092726
  1.30499997  0.000223093598
  1.30999997  0.000223094453
  1.31499997  0.000223095292
  1.31999997  0.000223096115
  1.32499997  0.000223096922
  1.32999997  0.000223097715
  1.33499997  0.000223098492
  1.33999997  0.000223099255
  1.34499997  0.000223100003
  1.34999997  0.000223100738
  1.35499997  0.000223101459
  1.35999997  0.000223102166
  1.36499997  0.000223102861
  1.36999997  0.000223103543
  1.37499997  0.000223104212
  1.37999997  0.00022310487
  1.38499997  0.000223105515
  1.38999997  0.000223106149
  1.39499997  0.000223106772
  1.39999997  0.000223107383
  1.40499997  0.000223107983
  1.40999997  0.000223108573
  1.41499997  0.000223109152
  1.41999997  0.000223109721
  1.42499997  0.00022311028
  1.42999997  0.000223110829
  1.43499997  0.000223111369
  1.43999997  0.000223111899
  1.44499997  0.00022311242
  1.44999997  0.000223112932
  1.45499997  0.000223113435
  1.45999997  0.000223113929
  1.46499997  0.000223114415
  1.46999997  0.000223114893
  1.47499997  0.000223115363
  1.47999997  0.000223115824
  1.48499996  0.000223116278
  1.48999996  0.000223116724
  1.49499996  0.000223117163
  1.49999996  0.000223117594
  1.50499996  0.000223118018
  1.50999996  0.000223118435
  1.51499996  0.000223118845
  1.51999996  0.000223119249
  1.52499996  0.000223119645
  1.52999996  0.000223120036
  1.53499996  0.00022312042
  1.53999996  0.000223120797
  1.54499996  0.000223121169
  1.54999996  0.000223121534
  1.55499996  0.000223121893
  1.55999996  0.000223122247
  1.56499996  0.000223122596
  1.56999996  0.000223122938
  1.57499996  0.000223123275
  1.57999996  0.000223123607
  1.58499996  0.000223123933
  1.58999996  0.000223124254
  1.59499996  0.000223124571
  1.59999996  0.000223124882
  1.60499996  0.000223125188
  1.60999996  0.00022312549
  1.61499996  0.000223125787
  1.61999996  0.000223126079
  1.62499996  0.000223126367
  1.62999996  0.000223126651
  1.63499996  0.00022312693
  1.63999996  0.000223127204
  1.64499996  0.000223127475
  1.64999996  0.000223127742
  1.65499996  0.000223128004
  1.65999996  0.000223128262
  1.66499996  0.000223128517
  1.66999996  0.000223128768
  1.67499996  0.000223129015
  1.67999996  0.000223129258
  1.68499996  0.000223129497
  1.68999996  0.000223129733
  1.69499996  0.000223129966
  1.69999996  0.000223130195
  1.70499996  0.000223130421
  1.70999996  0.000223130643
  1.71499996  0.000223130863
  1.71999996  0.000223131079
  1.72499996  0.000223131291
  1.72999996  0.000223131501
  1.73499996  0.000223131708
  1.73999996  0.000223131911
  1.74499996  0.000223132112
  1.74999996  0.00022313231
  1.75499996  0.000223132505
  1.75999996  0.000223132698
  1.76499996  0.000223132887
  1.76999996  0.000223133074
  1.77499996  0.000223133258
  1.77999996  0.00022313344
  1.78499996  0.000223133619
  1.78999996  0.000223133795
  1.79499996  0.000223133969
  1.79999996  0.000223134141
  1.80499996  0.00022313431
  1.80999996  0.000223134477
  1.81499996  0.000223134642
  1.81999996  0.000223134804
  1.82499996  0.000223134964
  1.82999996  0.000223135122
  1.83499996  0.000223135278
  1.83999996  0.000223135431
  1.84499996  0.000223135583
  1.84999996  0.000223135732
  1.85499996  0.000223135879
  1.85999996  0.000223136025
  1.86499996  0.000223136168
  1.86999996  0.00022313631
  1.87499996  0.000223136449
  1.87999996  0.000223136587
  1.88499996  0.000223136723
  1.88999996  0.000223136857
  1.89499996  0.000223136989
  1.89999996  0.00022313712
  1.90499996  0.000223137248
  1.90999996  0.000223137376
  1.91499996  0.000223137501
  1.91999996  0.000223137625
  1.92499996  0.000223137747
  1.92999995  0.000223137868
  1.93499995  0.000223137987
  1.93999995  0.000223138104
  1.94499995  0.00022313822
  1.94999995  0.000223138335
  1.95499995  0.000223138448
  1.95999995  0.000223138559
  1.96499995  0.000223138669
  1.96999995  0.000223138778
  1.97499995  0.000223138886
  1.97999995  0.000223138991
  1.98499995  0.000223139096
  1.98999995  0.000223139199
  1.99499995  0.000223139302
  1.99999995  0.000223139402
  2.00499995  0.000223139501
  2.00999995  0.0002231396
  2.01499995  0.000223139697
  2.01999995  0.000223139793
  2.02499995  0.000223139887
  2.02999995  0.00022313998
  2.03499995  0.000223140073
  2.03999995  0.000223140164
  2.04499995  0.000223140254
  2.04999995  0.000223140342
  2.05499995  0.00022314043
  2.05999995  0.000223140517
  2.06499995  0.000223140603
  2.06999995  0.000223140687
  2.07499995  0.000223140771
  2.07999995  0.000223140853
  2.08499995  0.000223140935
  2.08999995  0.000223141016
  2.09499995  0.000223141095
  2.09999995  0.000223141174
  2.10499995  0.000223141252
  2.10999995  0.000223141329
  2.11499995  0.000223141405
  2.11999995  0.000223141479
  2.12499995  0.000223141553
  2.12999995  0.000223141627
  2.13499995  0.000223141699
  2.13999995  0.00022314177
  2.14499995  0.000223141841
  2.14999995  0.000223141911
  2.15499995  0.00022314198
  2.15999995  0.000223142048
  2.16499995  0.000223142116
  2.16999995  0.000223142182
  2.17499995  0.000223142248
  2.17999995  0.000223142313
  2.18499995  0.000223142377
  2.18999995  0.000223142441
  2.19499995  0.000223142504
  2.19999995  0.000223142566
  2.20499995  0.000223142627
  2.20999995  0.000223142688
  2.21499995  0.000223142748
  2.21999995  0.000223142808
  2.22499995  0.000223142866
  2.22999995  0.000223142924
  2.23499995  0.000223142982
  2.23999995  0.000223143038
  2.24499995  0.000223143095
  2.24999995  0.00022314315
  2.25499995  0.000223143205
  2.25999995  0.000223143259
  2.26499995  0.000223143313
  2.26999995  0.000223143366
  2.27499995  0.000223143418
  2.27999995  0.00022314347
  2.28499995  0.000223143521
  2.28999995  0.000223143572
  2.29499995  0.000223143622
  2.29999995  0.000223143672
  2.30499995  0.000223143721
  2.30999995  0.000223143769
  2.31499995  0.000223143817
  2.31999995  0.000223143865
  2.32499995  0.000223143911
  2.32999995  0.000223143958
  2.33499995  0.000223144004
  2.33999995  0.000223144049
  2.34499995  0.000223144094
  2.34999995  0.000223144139
  2.35499995  0.000223144183
  2.35999995  0.000223144226
  2.36499995  0.000223144269
  2.36999995  0.000223144312
  2.37499995  0.000223144354
  2.37999994  0.000223144396
  2.38499994  0.000223144437
  2.38999994  0.000223144478
  2.39499994  0.000223144518
  2.39999994  0.000223144558
  2.40499994  0.000223144598
  2.40999994  0.000223144637
  2.41499994  0.000223144676
  2.41999994  0.000223144714
  2.42499994  0.000223144752
  2.42999994  0.000223144789
  2.43499994  0.000223144826
  2.43999994  0.000223144863
  2.44499994  0.0002231449
  2.44999994  0.000223144936
  2.45499994  0.000223144971
  2.45999994  0.000223145007
  2.46499994  0.000223145041
  2.46999994  0.000223145076
  2.47499994  0.00022314511
  2.47999994  0.000223145144
  2.48499994  0.000223145177
  2.48999994  0.000223145211
  2.49499994  0.000223145243
  2.49999994  0.000223145276
  2.50499994  0.000223145308
  2.50999994  0.00022314534
  2.51499994  0.000223145371
  2.51999994  0.000223145403
  2.52499994  0.000223145433
  2.52999994  0.000223145464
  2.53499994  0.000223145494
  2.53999994  0.000223145524
  2.54499994  0.000223145554
  2.54999994  0.000223145583
  2.55499994  0.000223145613
  2.55999994  0.000223145641
  2.56499994  0.000223145669
  2.56999994  0.000223145698
  2.57499994  0.000223145726
  2.57999994  0.000223145753
  2.58499994  0.000223145781
  2.58999994  0.000223145808
  2.59499994  0.000223145835
  2.59999994  0.000223145861
  2.60499994  0.000223145888
  2.60999994  0.000223145914
  2.61499994  0.00022314594
  2.61999994  0.000223145965
  2.62499994  0.00022314599
  2.62999994  0.000223146016
  2.63499994  0.000223146041
  2.63999994  0.000223146065
  2.64499994  0.000223146089
  2.64999994  0.000223146114
  2.65499994  0.000223146138
  2.65999994  0.000223146161
  2.66499994  0.000223146185
  2.66999994  0.000223146208
  2.67499994  0.000223146231
  2.67999994  0.000223146254
  2.68499994  0.000223146276
  2.68999994  0.000223146299
  2.69499994  0.000223146321
  2.69999994  0.000223146343
  2.70499994  0.000223146365
  2.70999994  0.000223146386
